<?xml version="1.0" encoding="UTF-8"?>
<!-- Generated by org.testng.reporters.JUnitReportReporter -->
<testsuite hostname="ganesh" failures="0" tests="1" name="com.ProjectK.qa.TestCases.WebTablesTest" time="24.521" errors="0" timestamp="2022-06-29T11:51:45 IST" skipped="0">
  <testcase classname="com.ProjectK.qa.TestCases.WebTablesTest" name="validateWebTablesButtonTest" time="24.521"/>
  <system-out/>
</testsuite> <!-- com.ProjectK.qa.TestCases.WebTablesTest -->
