<?xml version="1.0" encoding="UTF-8"?>
<!-- Generated by org.testng.reporters.JUnitReportReporter -->
<testsuite hostname="ganesh" failures="0" tests="1" name="com.ProjectK.qa.TestCases.DynamicPropertiesTest" time="14.696" errors="0" timestamp="2022-08-02T11:34:31 IST" skipped="0">
  <testcase classname="com.ProjectK.qa.TestCases.DynamicPropertiesTest" name="validateUploadDownloadTest" time="14.696"/>
  <system-out/>
</testsuite> <!-- com.ProjectK.qa.TestCases.DynamicPropertiesTest -->
