<?xml version="1.0" encoding="UTF-8"?>
<!-- Generated by org.testng.reporters.JUnitReportReporter -->
<testsuite hostname="ganesh" failures="0" tests="5" name="com.ProjectK.qa.TestCases.TextBoxTest" time="26.181" errors="0" timestamp="2022-08-02T11:34:31 IST" skipped="0">
  <testcase classname="com.ProjectK.qa.TestCases.TextBoxTest" name="validateTextBoxButtonTest" time="10.132"/>
  <system-out/>
  <testcase classname="com.ProjectK.qa.TestCases.TextBoxTest" name="dataDriventextBoxButtonTest" time="3.818"/>
  <system-out/>
  <testcase classname="com.ProjectK.qa.TestCases.TextBoxTest" name="dataDriventextBoxButtonTest" time="3.892"/>
  <system-out/>
  <testcase classname="com.ProjectK.qa.TestCases.TextBoxTest" name="dataDriventextBoxButtonTest" time="4.318"/>
  <system-out/>
  <testcase classname="com.ProjectK.qa.TestCases.TextBoxTest" name="dataDriventextBoxButtonTest" time="4.021"/>
  <system-out/>
</testsuite> <!-- com.ProjectK.qa.TestCases.TextBoxTest -->
