<?xml version="1.0" encoding="UTF-8"?>
<!-- Generated by org.testng.reporters.JUnitReportReporter -->
<testsuite hostname="ganesh" failures="0" tests="1" name="com.ProjectK.qa.TestCases.LinksTest" time="59.850" errors="0" timestamp="2022-08-02T12:10:51 IST" skipped="0">
  <testcase classname="com.ProjectK.qa.TestCases.LinksTest" name="validateLinksTest" time="59.850"/>
  <system-out/>
</testsuite> <!-- com.ProjectK.qa.TestCases.LinksTest -->
