<?xml version="1.0" encoding="UTF-8"?>
<!-- Generated by org.testng.reporters.JUnitReportReporter -->
<testsuite hostname="ganesh" failures="0" tests="1" name="com.ProjectK.qa.TestCases.LinksTest" time="61.537" errors="0" timestamp="2022-06-29T11:51:45 IST" skipped="0">
  <testcase classname="com.ProjectK.qa.TestCases.LinksTest" name="validateLinksTest" time="61.537"/>
  <system-out/>
</testsuite> <!-- com.ProjectK.qa.TestCases.LinksTest -->
