<?xml version="1.0" encoding="UTF-8"?>
<!-- Generated by org.testng.reporters.JUnitReportReporter -->
<testsuite hostname="ganesh" failures="0" tests="1" name="com.ProjectK.qa.TestCases.GetUsersTest" time="7.838" errors="0" timestamp="2022-08-03T11:22:30 IST" skipped="0">
  <testcase classname="com.ProjectK.qa.TestCases.GetUsersTest" name="validateUsers" time="7.838"/>
  <system-out/>
</testsuite> <!-- com.ProjectK.qa.TestCases.GetUsersTest -->
