<?xml version="1.0" encoding="UTF-8"?>
<!-- Generated by org.testng.reporters.JUnitReportReporter -->
<testsuite hostname="ganesh" failures="0" tests="5" name="com.ProjectK.qa.TestCases.TextBoxTest" time="41.335" errors="0" timestamp="2022-06-29T11:51:45 IST" skipped="0">
  <testcase classname="com.ProjectK.qa.TestCases.TextBoxTest" name="validateTextBoxButtonTest" time="11.108"/>
  <system-out/>
  <testcase classname="com.ProjectK.qa.TestCases.TextBoxTest" name="dataDriventextBoxButtonTest" time="6.985"/>
  <system-out/>
  <testcase classname="com.ProjectK.qa.TestCases.TextBoxTest" name="dataDriventextBoxButtonTest" time="6.351"/>
  <system-out/>
  <testcase classname="com.ProjectK.qa.TestCases.TextBoxTest" name="dataDriventextBoxButtonTest" time="8.978"/>
  <system-out/>
  <testcase classname="com.ProjectK.qa.TestCases.TextBoxTest" name="dataDriventextBoxButtonTest" time="7.913"/>
  <system-out/>
</testsuite> <!-- com.ProjectK.qa.TestCases.TextBoxTest -->
