<?xml version="1.0" encoding="UTF-8"?>
<!-- Generated by org.testng.reporters.JUnitReportReporter -->
<testsuite hostname="ganesh" failures="0" tests="1" name="com.ProjectK.qa.TestCases.RadioButtonTest" time="15.996" errors="0" timestamp="2022-06-29T11:51:45 IST" skipped="0">
  <testcase classname="com.ProjectK.qa.TestCases.RadioButtonTest" name="validateRadioButtonTest" time="15.996"/>
  <system-out/>
</testsuite> <!-- com.ProjectK.qa.TestCases.RadioButtonTest -->
