<?xml version="1.0" encoding="UTF-8"?>
<!-- Generated by org.testng.reporters.JUnitReportReporter -->
<testsuite hostname="ganesh" failures="0" tests="1" name="com.ProjectK.qa.TestCases.CheckBoxTest" time="17.505" errors="0" timestamp="2022-06-30T11:26:47 IST" skipped="0">
  <testcase classname="com.ProjectK.qa.TestCases.CheckBoxTest" name="validateCheckBoxButtonTest" time="17.505"/>
  <system-out/>
</testsuite> <!-- com.ProjectK.qa.TestCases.CheckBoxTest -->
