<?xml version="1.0" encoding="UTF-8"?>
<!-- Generated by org.testng.reporters.JUnitReportReporter -->
<testsuite hostname="ganesh" failures="0" tests="1" name="com.ProjectK.qa.TestCases.RadioButtonTest" time="11.942" errors="0" timestamp="2022-06-29T12:25:41 IST" skipped="0">
  <testcase classname="com.ProjectK.qa.TestCases.RadioButtonTest" name="validateRadioButtonTest" time="11.942"/>
  <system-out/>
</testsuite> <!-- com.ProjectK.qa.TestCases.RadioButtonTest -->
