<?xml version="1.0" encoding="UTF-8"?>
<!-- Generated by org.testng.reporters.JUnitReportReporter -->
<testsuite hostname="ganesh" failures="0" tests="5" name="com.ProjectK.qa.TestCases.TextBoxTest" time="39.991" errors="0" timestamp="2022-06-30T11:26:47 IST" skipped="0">
  <testcase classname="com.ProjectK.qa.TestCases.TextBoxTest" name="validateTextBoxButtonTest" time="10.991"/>
  <system-out/>
  <testcase classname="com.ProjectK.qa.TestCases.TextBoxTest" name="dataDriventextBoxButtonTest" time="6.575"/>
  <system-out/>
  <testcase classname="com.ProjectK.qa.TestCases.TextBoxTest" name="dataDriventextBoxButtonTest" time="6.873"/>
  <system-out/>
  <testcase classname="com.ProjectK.qa.TestCases.TextBoxTest" name="dataDriventextBoxButtonTest" time="6.500"/>
  <system-out/>
  <testcase classname="com.ProjectK.qa.TestCases.TextBoxTest" name="dataDriventextBoxButtonTest" time="9.052"/>
  <system-out/>
</testsuite> <!-- com.ProjectK.qa.TestCases.TextBoxTest -->
