<?xml version="1.0" encoding="UTF-8"?>
<!-- Generated by org.testng.reporters.JUnitReportReporter -->
<testsuite hostname="ganesh" failures="0" tests="5" name="com.ProjectK.qa.TestCases.TextBoxTest" time="38.745" errors="0" timestamp="2022-06-29T12:25:41 IST" skipped="0">
  <testcase classname="com.ProjectK.qa.TestCases.TextBoxTest" name="validateTextBoxButtonTest" time="9.714"/>
  <system-out/>
  <testcase classname="com.ProjectK.qa.TestCases.TextBoxTest" name="dataDriventextBoxButtonTest" time="12.061"/>
  <system-out/>
  <testcase classname="com.ProjectK.qa.TestCases.TextBoxTest" name="dataDriventextBoxButtonTest" time="6.075"/>
  <system-out/>
  <testcase classname="com.ProjectK.qa.TestCases.TextBoxTest" name="dataDriventextBoxButtonTest" time="5.534"/>
  <system-out/>
  <testcase classname="com.ProjectK.qa.TestCases.TextBoxTest" name="dataDriventextBoxButtonTest" time="5.361"/>
  <system-out/>
</testsuite> <!-- com.ProjectK.qa.TestCases.TextBoxTest -->
